[    0.000000] Linux version 4.15.0-54-generic (buildd@lgw01-md64-14) (gcc version .4.0 (Ubunt 7.4.0-1ubuntu1~18.04.1)) #58-Ubntu SMP Mon Jun 24 1:55:24 UTC 2019 (Ubuntu 4.15.0-54.58-generic 4.15.18)
[    0.000000] Command line: BOOT_IMAGE=/boot/vmlinuz-4.15.0-54-generic root=UUID=02e4d94-89e1-4ebb-b5ad-4789b97c1162 ro console=tty1 console=ttyS0
[    .00000] KERNELsupprted cpus:
[    0.000000]   Intel GenuneIntel
[   0.00000]   AMD AuthenticAMD
[    0.00000]   Centar CentaurHaul
[    0.000000] x86fpu: upporting XSAVE featue 0x01: 'x87 floating point register'
[    .000000] x86/fpu: uporting XSAVE feature 0x002: 'SSE registers'
[    0.00000] x86/fpu: Suportin XSAVE feature 0x004: 'AVX registes'
[    0.000000] x86/fpu: xstate_offset[2]:  576, xstate_sizes[2]:  256
[    0.000000] x86/fpu: Enabled xstate features 0x7, contxt size is 832 bytes, using 'standard' forma.
[    .000000]e820: BIOS-providd physica RAM map:
[    .000000] BIOS-e82: [mem 0x000000000000000-0x0000000000fbff] usable
[    0.00000] IOS-e820:[mem 0x00000000009fc00-0x00000000009fff] reservd
[   0.000000] BIOS-e80: [mem 0x00000000000f000-00000000000fffff] reservd
[    0.000000] BIOS-e820: [mem 0x00000000010000-0x000000007feffff] usable
[    0.000000] IOS-e820: [mem 0x000000007fff0000-0x000000007ffffff] CPI data
[    .00000] BIOS-e820: [mem 0x00000000fec00000-0x000000fec00fff] reseved
[   0.000000] BIS-e82: [mem 0x00000000fee0000-0x00000000fee00fff] reserved
[    0.000000] BIOS-e820: [mem 0x00000000fffc0000-0x00000000ffffffff] reserved
[    0.000000] NX (Execute Dsable) protection: active
[    0.000000] SMBIOS 2.5 present.
[    0.000000]] DMI: innotek GmbH VirtualBox/VirtualBox, BIOS VirtualBox 12/01/2006
[    0.000000] Hypervisor detected: KVM
[    0.000000] e820: last_pfn = 0x7fff0 max_arch_pfn = 0x400000000
    0.000000] MTRR: Disabled
[    0.000000] x86/PAT: MTRRs disabled, skipping PAT initialization too.
[    0.000000] CPU MTRRs all blank - virtualized system.
[    0.000000] x86/PAT: Configuration [0-7]: WB  WT  UC- UC  WB  WT  UC- UC  
[    0.000000] found SMP MP-table at [mem 0x0009fff0-0x0009ffff] mapped at [        (ptrval)]
[    0.000000] Scanning 1 areas for low memory corruptio
[    0000000] RAMDISK: [mem0x3598b000-0x36cbcfff]
[    .00000] ACPI: Early table checksum verification disabl
[[    0.000000] CPI: RSDP 0x00000000000E0000 000024 (v02 VBOX  )
[    .000000] ACPI:XSDT x000000007FFF0030 00003C (v01 BOX  VBOXXSDT 0000001 SL  00000061)
[    0.00000] ACPI: ACP 0000000007FFF00F0 00004 v04 VOX    VBOFACP 0000001 ASL  00000061)
[    0.000000] ACPI: DSDT 0x000000007FF0470 0021FF v02 VBOX   VBOXBIO 0000002 INTL 20100528)
[    0.000000] ACI: FACS x000000007FFF0200 000040
[    0.000000] ACPI: FACS 0x00000007FFF0200 00040[    0.000000] ACPI: APIC0x000000007FFF0240 00005C (02 VBOX   VBOXAPIC 00000001ASL  0000061
[    .000000] ACPI: SSDT 0x000000007FFF02A0 0001CC (v01 VBOX   VBOXCPUT 00000002 INTL 20100528)
[    0.000000] No NUMA configuration found
[    0.000000] Faking a node at [mem 0x000000000000000-0x000000007ffeffff]
[    0.000000] NODE_DATA(0) allocated [mem 0x7ffc5000-0x7ffeffff]
[    0.000000] kvm-clock: cpu 0, msr 0:7ff44001, primary cpu clock
[    0.000000] kvm-clock: Using msrs 4b564d01 and 4b564d00
[    0.000000] kvm-clock: using sched offset of 4692798230 cycles
[    0.000000] clocksource: kvm-cock: mask: 0xffffffffffffffff max_cycles: 0x1cd42e4dffb, max_idle_ns: 881590591483 ns
[    0.000000] Zone ranges:
    0.00000]   DMA      [mem0x000000000000000-00000000000fffff]
[   .000000]   DA32    [em 0x0000000001000000-0x00000007ffeffff]
[    0000000]   Norml   empty
[    .000000]   evice  empty
[   0.000000] Movable zonestart for each ode
    0.000000]Early memoy nod raanges
[    0.000000]   ode  0: [mem 0x000000000001000-x000000000009efff]
[   0.000000]   nde   0: [em 0x000000000100000-0x000000007ffeffff]
[    0.00000] Resered but unavailale: 114 pages
[    0.000000] Initmem setup node 0 [mem 0x000000000001000-0x00000007ffefff]
[    0.000000] CPI: PM-Timer IO Port: 0x4008
[    0.000000] IOAPIC[0]: apic_id 2, version 32, address 0xfec00000, GSI 0-23
[    .000000] ACPI: INT_SR_OVR (bus 0 bus_irq 0 global_irq 2 dfl dfl)
[    0.000000] ACPI: INT_SRC_OVR (bus 0 bus_irq 9 global_irq 9 low level)
[    0.000000] Using ACPI (MADT) for SMP configuration information
[    0.000000] smpbooot: Allowing 2 CPUs, 0 hotplug CPUs
[    0.000000] PM: Registered nosave memory: [mem 0x00000000-0x00000fff]
[    0.000000] PM: Registered nosave memory: [mem 0x0009f000-0x0009ffff]
[    0.000000] PM: Registered nosave memory: [mem 0x000a0000-0x000effff]
[    0.000000] PM: Registered nosave memory: [mem 0x000f0000-0x000fffff]
[    0.000000] e820: [mem 0x80000000-0xfebfffff] available for PCI devices
[    0.000000] Booting paravirtualized kernel on KVM
[    0.000000] clocksource: refined-jifies mask: 0xfffffff max_cyles: xxfffffff, maxidle_ns: 76455196021158 ns
[    0.000000 randm: get_random_bytes calledfrom tart_kernel+0x99/x4fdwith crng_iit=0
[   0.00000] setup_percu: NR_CPUS:812 nr_cpumas_bits:2 r_cpu_ids:2 nr_nodeids:1
[    0000000] percpu: Emedded46 pages/cpu @        (ptrval) s151552 r8192d28672 1048576
[    0.00000] PV qsinlock hash table entres: 256 (rder: 0, 4096 byte)
[    0.000000] Built 1 onelits, mobility grouping on  Totl pages: 515961
[    0.000000] Policy zone: DMA32
[    0.000000] Kernel command line: BOOT_IMAGE=/boot/vmlinuz-4.5.0-54-generic root=UUID=02ed4d94-89e1-4ebb-b5ad-4789b97c1162 ro console=tty1 console=ttyS0
[    0.000000] Memory: 2015120K/2096696K available (12300K kernel code, 2473K rwdata, 4272K rodata, 248K init, 2416K bss, 81576K reserved, 0K cma-reserved)
[    0.000000] SLUB: HWalign=64, Order=0-3, MinObjects=0, CPUs=2, NNodes=1
[    0.000000] Kernel/User page tables isolation: enabled
[    0.000000] ftrace: allocating 39216 entries in 154 pages
[    0.004000] Hierarchical RCU implementation.
[    0.004000] 	RCU restricting CPUs from NR_CPUS=8192 to nr_cpu_ids=2.
[    0.004000] 	Tasks RCU enabled.
[    0.04000] RCU: Adjusting geometry for rcu_anout_leaf=16, r_cpu_ids=2
[   0.00400] NR_IRQS: 52544, nr_iqs: 440, prallocaed irqs: 16
    0.00000] Console: olour GA+ 80x25[   0.004000] console[tty1] enbled
[    .04000] console [ttyS0] enabld
[    0.004000] ACPI Core revision 2017081
[    .004000] ACP: 2 CPI AML tabes successfully acquired and loaded
[    0.00000] APIC: Switch to symmetric I/O mode setup
[    0.004253] x2apic enabled
[    0.008007] Switched APIC routing to physical x2apic.
[    0.012940] ..TIMER: vector=0x30 apic1=0 pin1=2 apic2=-1 pin2=-1
[    0.016006] tsc: Detected 2294.688 MHz processor
[    0.020013] Calibrating delay loop (skipped) preset value.. 4589.37 BogoMIPS (lpj=9178752)
[    0.024008] pid_max: default: 32768 minimum: 301
[    0.028089] Security Framework initialized
[    0.029831] Yama: becoming mindful.
[    0.032036] AppArmor: AppArmor initialized
[    0.036190] Dentry cache hash table entries: 262144 (order: 9, 2097152 bytes)
[    0.041654] Inode-cache hash table entries: 131072 (order: 8, 1048576 bytes)
[    0.044028] Mount-cache hash table entries: 4096 (order: 3, 32768 bytes)
[    0.048018] Mountpoint-cache hash table entries: 4096 (order: 3, 32768 bytes)
[    0.052275] mce: CPU supports 0 MCE banks
[    0.056021] Last level iTLB entries: 4KB 1024, 2MB 1024, 4MB 1024
[    0.060008] Last level dTLB entries: 4KB 1024, 2MB 1024, 4MB 1024, 1GB 4
[    0.061871] Spectre V2 : Mitigation: Full generic retpoline
[    0.064004] Spectre V2 : Spectre v2 / SpectreRSB mitigation: Filling RSB on context switch
[    0.066676] Speculative Store Bypass: Vulnerable
[    0.068056] MDS: Vulnerable: Clear CPU buffers attempted, no microcode
[    0.072093] Freeing SMP alternatives memory: 36K
[    0.076000] smpboot: CPU0: Intel(R) Core(TM) i7-4850HQ CPU @ 2.30GHz (family: 0x6, model: 0x46, stepping: 0x1)
[    0.076093] Performance Events: unsupported p6 CPU model 70 no PMU driver, software events only.
[    0.080060] Hierarchical SRCU implementation.
[    0.084618] NMI watchdog: Perf event create on CPU 0 failed with -2
[    0.088006] NMI watchdog: Perf NMI watchdog permanently disabled
[    0.092079] smp: Bringing up secondary CPUs ...
[    0.096119] x86: Booting SMP configuration:
[    0.100005] .... node  #0, CPUs:      #1
[    0.004000] kvm-clock: cpu 1, msr 0:7ff44041, secondary cpu clock
[    0.004000] mce: CPU supports 0 MCE banks
[    0.140056] smp: Brought up 1 node, 2 CPUs
[    0.144007] smpboot: Max logical packages: 1
[    0.148005] smpboot: Total of 2 processors activated (9178.75 BogoMIPS)
[    0.152199] devtmpfs: initialized
[    0.156070] x86/mm: Memory block size: 128MB
[    0.160245] evm: security.selinux
[    0.164005] evm: security.SMACK64
[    0.168004] evm: security.SMACK64EXEC
[    0.172003] evm: security.SMACK64TRANSMUTE
[    0.176003] evm: security.SMACK64MMAP
[    0.180003] evm: security.apparmor
[    0.184004] evm: security.ima
[    0.188005] evm: security.capability
[    0.192104] clocksource: jiffies: mask: 0xffffffff max_cycles: 0xffffffff, max_idle_ns: 7645041785100000 ns
[    0.196014] futex hash table entries: 512 (order: 3, 32768 bytes)
[    0.200084] pinctrl core: initialized pinctrl subsystem
[    0.204279] RTC time: 11:58:31, date: 07/03/19
[    0.208198] NET: Registered protocol family 16
[    0.209658] audit: initializing netlink subsys (disabled)
[    0.212046] audit: type=2000 audit(1562155109.719:1): state=initialized audit_enabled=0 res=1
[    0.216011] cpuidle: using governor ladder
[    0.220011] cpuidle: using governor menu
[    0.224055] ACPI: bus type PCI registered
[    0.225385] acpiphp: ACPI Hot Plug PCI Controller Driver version: 0.5
[    0.228143] PCI: Using configuration type 1 for base access
[    0.233820] HugeTLB registered 2.00 MiB page size, pre-allocated 0 pages
[    0.236181] ACPI: Added _OSI(Module Device)
[    0.240013] ACPI: Added _OSI(Processor Device)
[    0.241482] ACPI: Added _OSI(3.0 _SCP Extensions)
[    0.244013] ACPI: Added _OSI(Processor Aggregator Device)
[    0.245635] ACPI: Added _OSI(Linux-Dell-Video)
[    0.248005] ACPI: Added _OSI(Linux-Lenovo-NV-HDMI-Audio)
[    0.249685] ACPI: Added _OSI(Linux-HPI-Hybrid-Graphics)
[    0.252492] ACPI: Executed 1 blocks of module-level executable AML code
[    0.259660] ACPI: Interpreter enabled
[    0.260020] ACPI: (supports S0 S5)
[    0.260934] ACPI: Using IOAPIC for interrupt routing
[    0.264247] PCI: Using host bridge windows from ACPI; if necessary, use "pci=nocrs" and report a bug
[    0.268258] ACPI: Enabled 2 GPEs in block 00 to 07
[    0.281052] ACPI: PCI Root Bridge [PCI0] (domain 0000 [bus 00-ff])
[    0.284014] acpi PNP0A03:00: _OSC: OS supports [ASPM ClockPM Segments MSI]
[    0.288040] acpi PNP0A03:00: _OSC: not requesting OS control; OS requires [ExtendedConfig ASPM ClockPM MSI]
[    0.292025] acpi PNP0A03:00: fail to add MMCONFIG information, can't access extended PCI configuration space under this bridge.
[    0.296535] PCI host bridge to bus 0000:00
[    0.300007] pci_bus 0000:00: root bus resource [io  0x0000-0x0cf7 window]
[    0.304008] pci_bus 0000:00: root bus resource [io  0x0d00-0xffff window]
[    0.308007] pci_bus 0000:00: root bus resource [mem 0x000a0000-0x000bffff window]
[    0.312010] pci_bus 0000:00: root bus resource [mem 0x80000000-0xfdffffff window]
[    0.316008] pci_bus 0000:00: root bus resource [bus 00-ff]
[    0.324360] pci 0000:00:01.1: legacy IDE quirk: reg 0x10: [io  0x01f0-0x01f7]
[    0.328006] pci 0000:00:01.1: legacy IDE quirk: reg 0x14: [io  0x03f6]
[    0.332010] pci 0000:00:01.1: legacy IDE quirk: reg 0x18: [io  0x0170-0x0177]
[    0.336009] pci 0000:00:01.1: legacy IDE quirk: reg 0x1c: [io  0x0376]
[    0.362742] pci 0000:00:07.0: quirk: [io  0x4000-0x403f] claimed by PIIX4 ACPI
[    0.364029] pci 0000:00:07.0: quirk: [io  0x4100-0x410f] claimed by PIIX4 SMB
[    0.378227] ACPI: PCI Interrupt Link [LNKA] (IRQs 5 9 10 *11)
[    0.380390] ACPI: PCI Interrupt Link [LNKB] (IRQs 5 9 *10 11)
[    0.384158] ACPI: PCI Interrupt Link [LNKC] (IRQs 5 *9 10 11)
[    0.388157] ACPI: PCI Interrupt Link [LNKD] (IRQs 5 9 10 *11)
[    0.392473] SCSI subsystem initialized
[    0.400202] pci 0000:00:02.0: vgaarb: setting as boot VGA device
[    0.404000] pci 0000:00:02.0: vgaarb: VGA device added: decodes=io+mem,owns=io+mem,locks=none
[    0.404011] pci 0000:00:02.0: vgaarb: bridge control possible
[    0.408004] vgaarb: loaded
[    0.409124] ACPI: bus type USB registered
[    0.412071] usbcore: registered new interface driver usbfs
[    0.413740] usbcore: registered new interface driver hub
[    0.416041] usbcore: registered new device driver usb
[    0.417624] EDAC MC: Ver: 3.0.0
[    0.420414] PCI: Using ACPI for IRQ routing
[    0.421881] NetLabel: Initializing
[    0.422902] NetLabel:  domain hash size = 128
[    0.424004] NetLabel:  protocols = UNLABELED CIPSOv4 CALIPSO
[    0.428024] NetLabel:  unlabeled traffic allowed by default
[    0.429757] clocksource: Switched to clocksource kvm-clock
[    0.445189] VFS: Disk quotas dquot_6.6.0
[    0.446575] VFS: Dquot-cache hash table entries: 512 (order 0, 4096 bytes)
[    0.448484] AppArmor: AppArmor Filesystem Enabled
[    0.449641] pnp: PnP ACPI init
[    0.451777] pnp: PnP ACPI: found 3 devices
[   0.65188] clocksorce: cpi_pm mask: 0xffff maxcycles: 0xfffff, mx_idlens: 208570102 ns
[    0.733907 NET:Registeed protocl family 2

[    0.82393] CP estblished hshtabl entrie: 1634 (orer: 5, 13102 bytes)
[    1.089412] CP bind hah tabe entries: 16384 (order: 6, 262144 bytes)
[   1.17070] TP: Hash tales onfigred (stblishe 1638 bind 1634)
[    1.412944] UDP hash tabl entres: 104 (oder: 3, 32768 bytes)
[    1.504952] UDP-Lite hash table entries: 024 (order: 3, 32768 bytes)
[    1.530543] NET: Registered protocol family 1
[    1.532108] pci 0000:00:00.0: Limiting direct PCI/PCI transfers
[    1.533988] pci 0000:00:01.0: Activating ISA DMA hang workarounds
[    1.535819] pci 0000:00:02.0: Video device with shadowed ROM at [mem 0x000c0000-0x000dffff]
[    1.538347] Unpacking initramfs...

[    1.801120] Freeing initrd memory: 19656K
[    1.833344] clocksource: tsc: mask: 0xffffffffffffffff max_cycles: 0x21139aef754, max_idle_ns: 440795211890 ns
[    1.907220] platform rtc_cmos: registered platform RTC device (no PNP device found)
[    1.952361] Scanning for low memory corruption every 60 seconds
[    2.015446] Initialise system trusted keyrings
[    2.051209] Key type blacklist registered
[    2.072067] workingset: timestamp_bits=36 max_order=19 bucket_order=0
[    2.107308] zbud: loaded
[    2.128789] squashfs: version 4.0 (2009/01/31) Phillip Lougher
[    2.183195] fuse init (API version 7.26)
[    2.246105] Key type asymmetric registered
[    2.247121] Asymmetric key parser 'x509' registered
[    2.248417] Block layer SCSI generic (bsg) driver version 0.4 loaded (major 246)
[    2.250336] io scheduler noop registered
[    2.251330] io scheduler deadline registered
[    2.252430] io scheduler cfq registered (default)
[    2.254078] ACPI: AC Adapter [AC] (off-line)
[    2.291585] input: Power Button as /devices/LNXSYSTM:00/LNXPWRBN:00/input/input0
[    2.352397] ACPI: Power Button [PWRF]
[    2.385048] input: Sleep Button as /devices/LNXSYSTM:00/LNXSLPBN:00/input/input1
[    2.435455] ACPI: Sleep Button [SLPF]
[    2.456023] Serial: 8250/16550 driver, 32 ports, IRQ sharing enabled
[    2.457315] ACPI: Battery Slot [BAT0] (battery present)
[    2.500163] 00:02: ttyS0 at I/O 0x3f8 (irq = 4, base_baud = 115200) is a 16550A
[    2.503901] Linux agpgart interface v0.103
[    2.506606] loop: module loaded
[    2.508494] scsi host0: ata_piix
[    2.509744] scsi host1: ata_piix
[    2.511977] ata1: PATA max UDMA/33 cmd 0x1f0 ctl 0x3f6 bmdma 0xd000 irq 14
[    2.515410] ata2: PATA max UDMA/33 cmd 0x170 ctl 0x376 bmdma 0xd008 irq 15
[    2.518148] libphy: Fixed MDIO Bus: probed
[    2.519428] tun: Universal TUN/TAP device driver, 1.6
[    2.522145] PPP generic driver version 2.4.2
[    2.523442] ehci_hcd: USB 2.0 'Enhanced' Host Controller (EHCI) Driver
[    2.525430] ehci-pci: EHCI PCI platform driver
[    2.526880] ehci-platform: EHCI generic platform driver
[    2.540004] ohci_hcd: USB 1.1 'Open' Host Controller (OHCI) Driver
[    2.568079] ohci-pci: OHCI PCI platform driver
[    2.573098] ohci-platform: OHCI generic platform driver
[    2.577474] uhci_hcd: USB Universal Host Controller Interface driver
[    2.586595] i8042: PNP: PS/2 Controller [PNP0303:PS2K,PNP0f03:PS2M] at 0x60,0x64 irq 1,12
[    2.592259] serio: i8042 KBD port at 0x60,0x64 irq 1
[    2.600933] serio: i8042 AUX port at 0x60,0x64 irq 12
[    2.604519] mousedev: PS/2 mouse device common for all mice
[    2.612134] input: AT Translated Set 2 keyboard as /devices/platform/i8042/serio0/input/input2
[    2.617734] rtc_cmos rtc_cmos: rtc core: registered rtc_cmos as rtc0
[    2.620254] rtc_cmos rtc_cmos: alarms up to one day, 114 bytes nvram
[    2.625693] i2c /dev entries driver
[    2.627112] device-mapper: uevent: version 1.0.3
[    2.629208] device-mapper: ioctl: 4.37.0-ioctl (2017-09-20) initialised: dm-devel@redhat.com
[    2.635237] ledtrig-cpu: registered to indicate activity on CPUs
[    2.641863] NET: Registered protocol family 10
[    2.652077] Segment Routing with IPv6
[    2.653778] NET: Registered protocol family 17
[    2.658161] Key type dns_resolver registered
[    2.660585] RAS: Correctable Errors collector initialized.
[    2.668697] sched_clock: Marking stable (2668655950, 0)->(11055712672, -8387056722)
[    2.672432] registered taskstats version 1
[    2.673693] Loading compiled-in X.509 certificates
[    2.683457] Loaded X.509 cert 'Build time autogenerated kernel key: 1cc14bc8298a06d551159822c55fa35abd77a621'
[    2.702408] zswap: loaded using pool lzo/zbud
[    2.725650] Key type big_key registered
[    2.748673] Key type trusted registered
[    2.773984] Key type encrypted registered
[    2.805638] AppArmor: AppArmor sha1 policy hashing enabled
[    2.829546] ima: No TPM chip found, activating TPM-bypass! (rc=-19)
[    2.868696] ima: Allocated hash algorithm: sha1
[    2.877161] evm: HMAC attrs: 0x1
[    2.878347]   Magic number: 11:837:983
[    2.879397] rtc_cmos rtc_cmos: setting ysstem clock to 2019-07-03 11:58:34 UTC (1562155114)
[    2.928664] BIOS EDD facility v0.16 2004-Jun-25, 0 devices found
[    2.964788] EDD information not available.
[    2.983619] Freeing unused kernel image memory: 2408K
[    3.028592] Write protecting the kernel read-only data: 20480k
[    3.057345] Freeing unused kernel image memory: 2008K
[    3.089780] Freeing unused kernel image memory: 1872K
[    3.156003] x86/mm: Checked W+X mappings: passed, no W+X pages found.
[    3.233309] x86/mm: Checking user space page tables
[    3.269316] x86/mm: Checked W+X mappings: passed, no W+X pages found.
Loading, please wait...
starting version 237
[    4.206988] e1000: Intel(R) PRO/1000 Network Driver - version 7.3.21-k8-NAPI
[    4.246182] e1000: Copyright (c) 1999-2006 Intel Corporation.
[    4.278777] Fusion MPT base driver 3.04.20
[    4.300422] Copyright (c) 1999-2008 LSI Corporation
[    4.339837] Fusion MPT SPI Host driver 3.04.20
[    4.368451] AVX2 version of gcm_enc/dec engaged.
[    4.377413] AES CTR mode by8 optimization enabled
[    4.570259] input: ImExPS/2 Generic Explorer Mouse as /devices/platform/i8042/serio1/input/input4
[    4.742173] e1000 0000:00:03.0 eth0: (PCI:33MHz:32-bit) 02:37:44:80:7e:2c
[    4.911438] e1000 0000:00:03.0 eth0: Intel(R) PRO/1000 Network Connection
[    4.915345] mptbase: ioc0: Initiating bringup
[    4.915383] e1000 0000:00:03.0 enp0s3: renamed from eth0
[    5.040627] ioc0: LSI53C1030 A0: Capabilities={Initiator}
[    5.335254] scsi host2: ioc0: LSI53C1030 A0, FwRev=00000000h, Ports=1, MaxQ=256, IRQ=20
[    5.565226] scsi 2:0:0:0: Direct-Access     VBOX     HARDDISK         1.0  PQ: 0 ANSI: 5
[    5.652493] scsi target2:0:0: Beginning Domain Validation
[    5.685942] scsi target2:0:0: Domain Validation skipping write tests
[    5.751408] scsi target2:0:0: Ending Domain Validation
[    5.781818] scsi target2:0:0: asynchronous
[    5.830804] scsi 2:0:1:0: Direct-Access     VBOX     HARDDISK         1.0  PQ: 0 ANSI: 5
[    5.916528] scsi target2:0:1: Beginning Domain Validation
[    5.942174] random: fast init done
[    6.224715] scsi target2:0:1: Domain Validation skipping write tests
[    6.267617] scsi target2:0:1: Ending Domain Validation
[    6.314673] scsi target2:0:1: asynchronous
[    6.357933] random: systemd-udevd: uninitialized urandom read (16 bytes read)
[    6.357939] sd 2:0:0:0: Attached scsi generic sg0 type 0
[    6.428585] sd 2:0:1:0: Attached scsi generic sg1 type 0
[    6.492300] random: systemd-udevd: uninitialized urandom read (16 bytes read)
[    6.540845] random: systemd-udevd: uninitialized urandom read (16 bytes read)
[    6.597065] sd 2:0:0:0: [sda] 20971520 512-byte logical blocks: (10.7 GB/10.0 GiB)
[    6.660729] sd 2:0:1:0: [sdb] 20480 512-byte logical blocks: (10.5 MB/10.0 MiB)
[    6.660845] sd 2:0:0:0: [sda] Write Protect is off
[    6.661122] sd 2:0:0:0: [sda] Incomplete mode parameter data
[    6.661123] sd 2:0:0:0: [sda] Assuming drive cache: write through
[    6.733977]  sda: sda1
[    6.735215] sd 2:0:0:0: [sda] Attached SCSI disk
[    6.881144] sd 2:0:1:0: [sdb] Write Protect is off
[    6.925305] sd 2:0:1:0: [sdb] Incomplete mode parameter data
[    6.958110] sd 2:0:1:0: [sdb] Assuming drive cache: write through
[    6.992233] sd 2:0:1:0: [sdb] Attached SCSI disk
Begin: Loading essential drivers ... [    8.464322] raid6: sse2x1   gen() 11253 MB/s
[    8.536249] raid6: sse2x1   xor()  7952 MB/s
[    8.624284] raid6: sse2x2   gen() 13300 MB/s
[    8.704782] raid6: sse2x2   xor()  8816 MB/s
[    8.777793] raid6: sse2x4   gen() 16417 MB/s
[    8.880406] raid6: sse2x4   xor()  9642 MB/s
[    8.957920] raid6: avx2x1   gen() 22613 MB/s
[    9.019743] raid6: avx2x1   xor() 15243 MB/s
[    9.104758] raid6: avx2x2   gen() 28469 MB/s
[    9.168037] raid6: avx2x2   xor() 15483 MB/s
[    9.236599] raid6: avx2x4   gen() 27868 MB/s
[    9.308358] raid6: avx2x4   xor() 16256 MB/s
[    9.318723] raid6: using algorithm avx2x2 gen() 28469 MB/s
[    9.324101] raid6: .... xor() 15483 MB/s, rmw enabled
[    9.337644] raid6: using avx2x2 recovery algorithm
[    9.342197] xor: automatically using best checksumming function   avx       
[    9.353040] async_tx: api initialized (async)
done.
Begin: Running /scripts/init-premount ... done.
Begin: Mounting root file system ... Begin: Running /scripts/local-top ... done.
Begin: Running /scripts/local-premount ... [    9.416485] Btrfs loaded, crc32c=crc32c-intel
Scanning for Btrfs filesystems
done.
Warning: fsck not present, so skipping root file system
[    9.473284] EXT4-fs (sda1): mounted filesystem with ordered data mode. Opts: (null)
done.
Begin: Running /scripts/local-bottom ... done.
Begin: Running /scripts/init-bottom ... done.
[    9.953111] ip_tables: (C) 2000-2006 Netfilter Core Team
[    9.981631] systemd[1]: systemd 237 running in system mode. (+PAM +AUDIT +SELINUX +IMA +APPARMOR +SMACK +SYSVINIT +UTMP +LIBCRYPTSETUP +GCRYPT +GNUTLS +ACL +XZ +LZ4 +SECCOMP +BLKID +ELFUTILS +KMOD -IDN2 +IDN -PCRE2 default-hierarchy=hybrid)
[    9.986914] systemd[1]: Detected virtualization oracle.
[   10.021004] systemd[1]: Detected architecture x86-64.

Welcome to [1mUbuntu 18.04.2 LTS[0m!

[   10.113220] systemd[1]: Set hostname to <devopsubuntu1804>.
[   10.690328] systemd[1]: Reached target System Time Synchronized.
[[0;32m  OK  [0m] Reached target System Time Synchronized.
[   10.716559] systemd[1]: Created slice User and Session Slice.
[[0;32m  OK  [0m] Created slice User and Session Slice.
[   10.801163] systemd[1]: Created slice System Slice.
[[0;32m  OK  [0m] Created slice System Slice.
[   10.864690] systemd[1]: Listening on LVM2 metadata daemon socket.
[[0;32m  OK  [0m] Listening on LVM2 metadata daemon socket.
[   10.936539] systemd[1]: Listening on Network Service Netlink Socket.
[[0;32m  OK  [0m] Listening on Network Service Netlink Socket.
[   11.021334] systemd[1]: Listening on LVM2 poll daemon socket.
[[0;32m  OK  [0m] Listening on LVM2 poll daemon socket.
[[0;32m  OK  [0m] Set up automount Arbitrary Executab…rmats File System Automount Point.
[[0;32m  OK  [0m] Listening on Device-mapper event daemon FIFOs.
[[0;32m  OK  [0m] Listening on udev Kernel Socket.
[[0;32m  OK  [0m] Created slice system-serial\x2dgetty.slice.
[[0;32m  OK  [0m] Listening on Syslog Socket.
[[0;32m  OK  [0m] Started Forward Password Requests to Wall Directory Watch.
[[0;32m  OK  [0m] Listening on udev Control Socket.
[[0;32m  OK  [0m] Reached target User and Group Name Lookups.
[[0;32m  OK  [0m] Reached target Slices.
[[0;32m  OK  [0m] Listening on Journal Socket.
         Starting Uncomplicated firewall...
         Mounting POSIX Message Queue File System...
         Starting udev Coldplug all Devices...
         Starting Monitoring of LVM2 mirrors…ng dmeventd or progress polling...
         Starting Set the console keyboard layout...
         Mounting Kernel Debug File System...
         Mounting Huge Pages File System...
         Starting Load Kernel Modules...
         Starting Remount Root and Kernel File Systems...
[   11.464264] Loading iSCSI transport class v2.0-870.
[[0;32m  OK  [0m] Reached target Swap.
[[0;32m  OK  [0m] Listening on[   11.947923] iscsi: registered transport (tcp)
 /dev/initctl Compatibility Named Pipe.
[   12.011278] EXT4-fs (sda1): re-mounted. Opts: (null)
[[0;32m  OK  [0m] Listening on Journal Socket (/dev/log).
[[0;32m  OK  [0m] Listening on Journal Audit Socket.
[   12.079400] iscsi: registered transport (iser)
         Starting Journal Service...
         Starting Create list of required st…ce nodes for the current kernel...
[[0;32m  OK  [0m] Started Journal Service.
[[0;32m  OK  [0m] Started Uncomplicated firewall.
[[0;32m  OK  [0m] Mounted POSIX Message Queue File System.
[[0;32m  OK  [0m] Started Set the console keyboard layout.
[[0;32m  OK  [0m] Mounted Kernel Debug File System.
[[0;32m  OK  [0m] Mounted Huge Pages File System.
[[0;32m  OK  [0m] Started Load Kernel Modules.
[[0;32m  OK  [0m] Started Remount Root and Kernel File Systems.
[[0;32m  OK  [0m] Started Create list of required sta…vice nodes for the current kernel.
[[0;32m  OK  [0m] Started udev Coldplug all Devices.
[[0;32m  OK  [0m] Started LVM2 metadata daemon.
         Starting Create Static Device Nodes in /dev...
         Starting Load/Save Random Seed...
         Starting Apply Kernel Variables...
         Mounting Kernel Configuration File System...
         Mounting FUSE Control File System...
         Starting Flush Journal to Persistent Storage...
[[0;32m  OK  [0m] Started Monitoring of LVM2 mirrors,…sing dmeventd or progress polling.
[[0;32m  OK  [0m] Mounted Kernel Configuration File System.
[[0;32m  OK  [0m] Mounted FUSE Control File System.
[[0;32m  OK  [0m] Started Create Static Device Nodes in /dev.
[[0;32m  OK  [0m] Started Load/Save Random Seed.
[[0;32m  OK  [0m] Started Apply Kernel Variables.
         Starting udev Kernel Device Manager...
[[0;32m  OK  [0m] Reached target Local File Systems (Pre).
[[0;32m  OK  [0m] Reached target Local File Systems.
         Starting ebtables ruleset management...
         Starting Set console font and keymap...
         Starting AppArmor initialization...
         Starting Tell Plymouth To Write Out Runtime Data...
[[0;32m  OK  [0m] Started udev Kernel Device Manager.
[[0;32m  OK  [0m] Started Dispatch Password Requests to Console Directory Watch.
[[0;32m  OK  [0m] Reached target Local Encrypted Volumes.
[[0;32m  OK  [0m] Started Tell Plymouth To Write Out Runtime Data.
[[0;32m  OK  [0m] Started Set console font and keymap.
[[0;32m  OK  [0m] Found device /dev/ttyS0.
[[0;32m  OK  [0m] Started ebtables ruleset management.
[[0;32m  OK  [0m] Started Flush Journal to Persistent Storage.
         Starting Create Volatile Files and Directories...
[[0;32m  OK  [0m] Started Create Volatile Files and Directories.
         Starting Update UTMP about System Boot/Shutdown...
[[0;32m  OK  [0m] Listening on Load/Save RF Kill Switch Status /dev/rfkill Watch.
[[0;32m  OK  [0m] Started Update UTMP about System Boot/Shutdown.
[[0;32m  OK  [0m] Started AppArmor initialization.
         Starting Initial cloud-init job (pre-networking)...
[   14.840462] cloud-init[535]: Cloud-init v. 19.1-1-gbaa47854-0ubuntu1~18.04.1 running 'init-local' at Wed, 03 Jul 2019 11:58:46 +0000. Up 14.62 seconds.
[[0;32m  OK  [0m] Started Initial cloud-init job (pre-networking).
[[0;32m  OK  [0m] Reached target Network (Pre).
         Starting Network Service...
[[0;32m  OK  [0m] Started Network Service.
         Starting Wait for Network to be Configured...
         Starting Network Name Resolution...
[[0;32m  OK  [0m] Started Network Name Resolution.
[[0;32m  OK  [0m] Reached target Network.
[[0;32m  OK  [0m] Reached target Host and Network Name Lookups.
[[0;32m  OK  [0m] Started Wait for Network to be Configured.
         Starting Initial cloud-init job (metadata service crawler)...
[   17.147975] cloud-init[660]: Cloud-init v. 19.1-1-gbaa47854-0ubuntu1~18.04.1 running 'init' at Wed, 03 Jul 2019 11:58:48 +0000. Up 17.02 seconds.
[   17.169207] cloud-init[660]: ci-info: ++++++++++++++++++++++++++++++++++++++Net device info++++++++++++++++++++++++++++++++++++++
[   17.188268] cloud-init[660]: ci-info: +--------+------+----------------------------+---------------+--------+-------------------+
[   17.195148] cloud-init[660]: ci-info: | Device |  Up  |          Address           |      Mask     | Scope  |     Hw-Address    |
[   17.199998] cloud-init[660]: ci-info: +--------+------+----------------------------+---------------+--------+-------------------+
[   17.206972] cloud-init[660]: ci-info: | enp0s3 | True |         10.0.2.15          | 255.255.255.0 | global | 02:37:44:80:7e:2c |
[   17.212018] cloud-init[660]: ci-info: | enp0s3 | True | fe80::37:44ff:fe80:7e2c/64 |       .       |  link  | 02:37:44:80:7e:2c |
[   17.215807] cloud-init[660]: ci-info: |   lo   | True |         127.0.0.1          |   255.0.0.0   |  host  |         .         |
[   17.219545] cloud-init[660]: ci-info: |   lo   | True |          ::1/128           |       .       |  host  |         .         |
[   17.228655] cloud-init[660]: ci-info: +--------+------+----------------------------+---------------+--------+-------------------+
[   17.233793] cloud-init[660]: ci-info: ++++++++++++++++++++++++++++Route IPv4 info+++++++++++++++++++++++++++++
[   17.239029] cloud-init[660]: ci-info: +-------+-------------+----------+-----------------+-----------+-------+
[   17.244992] cloud-init[660]: ci-info: | Route | Destination | Gateway  |     Genmask     | Interface | Flags |
[   17.264105] cloud-init[660]: ci-info: +-------+-------------+----------+-----------------+-----------+-------+
[   17.268930] cloud-init[660]: ci-info: |   0   |   0.0.0.0   | 10.0.2.2 |     0.0.0.0     |   enp0s3  |   UG  |
[   17.271160] cloud-init[660]: ci-info: |   1   |   10.0.2.0  | 0.0.0.0  |  255.255.255.0  |   enp0s3  |   U   |
[   17.278181] cloud-init[660]: ci-info: |   2   |   10.0.2.2  | 0.0.0.0  | 255.255.255.255 |   enp0s3  |   UH  |
[   17.280373] cloud-init[660]: ci-info: +-------+-------------+----------+-----------------+-----------+-------+
[   17.282527] cloud-init[660]: ci-info: +++++++++++++++++++Route IPv6 info+++++++++++++++++++
[   17.284373] cloud-init[660]: ci-info: +-------+-------------+---------+-----------+-------+
[   17.290789] cloud-init[660]: ci-info: | Route | Destination | Gateway | Interface | Flags |
[   17.308290] cloud-init[660]: ci-info: +-------+-------------+---------+-----------+-------+
[   17.339703] cloud-init[660]: ci-info: |   1   |  fe80::/64  |    ::   |   enp0s3  |   U   |
[   17.380369] cloud-init[660]: ci-info: |   3   |    local    |    ::   |   enp0s3  |   U   |
[[0;32m  OK  [0m] Started Initial cloud-init job (metadata service crawler).
[   17.417951] [cloud-init[0;32m  OK  [0m[660]: ] ci-info: |   4   |   ff00::/8  |    ::   |   enp0s3  |   U   |Reached target System Initialization.

         Starting Docker Socket for the API.
[   17.509644] cloud-init[660]: ci-info: +-------+-------------+---------+-----------+-------+
[[0;32m  OK  [0m] Started Discard unused blocks once a week.
[[0;32m  OK  [0m] Started Message of the Day.
[[0;32m  OK  [0m] Listening on Open-iSCSI iscsid Socket.
[[0;32m  OK  [0m] Listening on D-Bus System Message Bus Socket.
[[0;32m  OK  [0m] Started ACPI Events Check.
[[0;32m  OK  [0m] Listening on UUID daemon activation socket.
         Starting LXD - unix socket.
[[0;32m  OK  [0m] Started Daily apt download activities.
[[0;32m  OK  [0m] Started Daily apt upgrade and clean activities.
[[0;32m  OK  [0m] Started Daily Cleanup of Temporary Directories.
[[0;32m  OK  [0m] Listening on ACPID Listen Socket.
         Starting Socket activation for snappy daemon.
[[0;32m  OK  [0m] Reached target Paths.
[[0;32m  OK  [0m] Reached target Timers.
[[0;32m  OK  [0m] Reached target Cloud-config availability.
[[0;32m  OK  [0m] Reached target Network is Online.
[[0;32m  OK  [0m] Reached target Remote File Systems (Pre).
[[0;32m  OK  [0m] Reached target Remote File Systems.
         Starting Availability of block devices...
[[0;32m  OK  [0m] Listening on Docker Socket for the API.
[[0;32m  OK  [0m] Listening on LXD - unix socket.
[[0;32m  OK  [0m] Listening on Socket activation for snappy daemon.
[[0;32m  OK  [0m] Started Availability of block devices.
[[0;32m  OK  [0m] Reached target Sockets.
[[0;32m  OK  [0m] Reached target Basic System.
[[0;32m  OK  [0m] Started Regular background program processing daemon.
[[0;32m  OK  [0m] Started FUSE filesystem for LXC.
         Starting Permit User Sessions...
         Starting System Logging Service...
         Starting LSB: Record successful boot for GRUB...
         Starting Dispatcher daemon for systemd-networkd...
[[0;32m  OK  [0m] Started irqbalance daemon.
         Starting Accounts Service...
         Starting Snappy daemon...
         Starting Login Service...
         Starting vboxadd.service...
         Starting containerd container runtime...
         Starting LSB: Start Jenkins at boot time...
         Starting LSB: automatic crash report generation...
[[0;32m  OK  [0m] Started Deferred execution scheduler.
[[0;32m  OK  [0m] Started D-Bus System Message Bus.
         Starting LXD - container startup/shutdown...
         Starting OpenBSD Secure Shell server...
[[0;32m  OK  [0m] Started System Logging Service.
[[0;32m  OK  [0m] Started Permit User Sessions.
[[0;32m  OK  [0m] Started containerd container runtime.
[[0;32m  OK  [0m] Started Login Service.
         Starting Authorization Manager...
[[0;32m  OK  [0m] Started Unattended Upgrades Shutdown.
         Starting Docker Application Container Engine...
         Starting Terminate Plymouth Boot Screen...
         Starting Hold until boot process finishes up...
[[0;32m  OK  [0m] Started Hold until boot process finishes up.
         Starting Set console scheme...
[[0;32m  OK  [0m] Started Serial Getty on ttyS0.
[[0;32m  OK  [0m] Started Terminate Plymouth Boot Screen.
[[0;32m  OK  [0m] Started Authorization Manager.
[[0;32m  OK  [0m] Started Accounts Service.
[[0;32m  OK  [0m] Started Set console scheme.
[[0;32m  OK  [0m] Created slice system-getty.slice.
[[0;32m  OK  [0m] Started Getty on tty1.
[[0;32m  OK  [0m] Reached target Login Prompts.
[[0;32m  OK  [0m] Started LSB: automatic crash report generation.
[[0;32m  OK  [0m] Started LSB: Record successful boot for GRUB.
[[0;32m  OK  [0m] Started Dispatcher daemon for systemd-networkd.
[[0;32m  OK  [0m] Started Snappy daemon.
         Starting Wait until snapd is fully seeded...
[[0;32m  OK  [0m] Started OpenBSD Secure Shell server.
[[0;32m  OK  [0m] Started Wait until snapd is fully seeded.
         Starting Apply the settings specified in cloud-config...
[[0;32m  OK  [0m] Created slice User Slice of vagrant.
[[0;32m  OK  [0m] Started vboxadd.service.
[[0;32m  OK  [0m] Started LXD - container startup/shutdown.
[[0;32m  OK  [0m] Started Session 1 of user vagrant.
         Starting vboxadd-service.service...
         Starting User Manager for UID 1000...
[   20.186074] cloud-init[1142]: Cloud-init v. 19.1-1-gbaa47854-0ubuntu1~18.04.1 running 'modules:config' at Wed, 03 Jul 2019 11:58:51 +0000. Up 20.02 seconds.
[[0;32m  OK  [0m] Started vboxadd-service.service.
[[0;32m  OK  [0m] Started Apply the settings specified in cloud-config.
[[0;32m  OK  [0m] Started User Manager for UID 1000.

Ubuntu 18.04.2 LTS devopsubuntu1804 ttyS0

devopsubuntu1804 login: [   29.373190] cloud-init[1982]: Cloud-init v. 19.1-1-gbaa47854-0ubuntu1~18.04.1 running 'modules:final' at Wed, 03 Jul 2019 11:59:00 +0000. Up 29.15 seconds.
[   29.373395] cloud-init[1982]: Cloud-init v. 19.1-1-gbaa47854-0ubuntu1~18.04.1 finished at Wed, 03 Jul 2019 11:59:00 +0000. Datasource DataSourceNoCloud [seed=/dev/sdb][dsmode=net].  Up 29.36 seconds
[[0;32m  OK  [0m] Closed Load/Save RF Kill Switch Status /dev/rfkill Watch.
[[0;32m  OK  [0m] Stopped target Graphical Interface.
         Stopping User Manager for UID 1000...
         Stopping Availability of block devices...
         Stopping Authorization Manager...
[[0;32m  OK  [0m] Stopped target Host and Network Name Lookups.
         Stopping Accounts Service...
[[0;32m  OK  [0m] Stopped target Timers.
[[0;32m  OK  [0m] Stopped Daily apt upgrade and clean activities.
[[0;32m  OK  [0m] Stopped Message of the Day.
[[0;32m  OK  [0m] Stopped Discard unused blocks once a week.
[[0;32m  OK  0[[0;32m  OK  [0m] Stopped Apply the settings specified in cloud-config.
[[0;32m  OK  [0m] Stopped target Cloud-config availability.
[[0;32m  OK  [0m] Stopped Wait until snapd is fully seeded.
[[0;32m  OK  [0m] Unmounted /var/lib/lxcfs.
[[0;32m  OK  [0m] Stopped Regular background program processing daemon.
[[0;32m  OK  [0m] Stopped System Logging Service.
[[0;32m  OK  [0m] Stopped Dispatcher daemon for systemd-networkd.
[[0;32m  OK  [0m] Stopped irqbalance daemon.
[[0;32m  OK  [0m] Stopped Accounts Service.
[[0;32m  OK  [0m] Stopped Deferred execution scheduler.
[[0;32m  OK  [0m] Stopped Authorization Manager.
[[0;32m  OK  [0m] Stopped Unattended Upgrades Shutdown.
[[0;32m  OK  [0m] Stopped Docker Application Container Engine.
[[0;32m  OK  [0m] Stopped Serial Getty on ttyS0.
[[0;32m  OK  [0m] Stopped Getty on tty1.
[[0;32m  OK  [0m] Stopped OpenBSD Secure Shell server.
[[0;32m  OK  [0m] Stopped User Manager for UID 111.
[[0;32m  OK  [0m] Stopped User Manager for UID 1000.
[[0;32m  OK  [0m] Stopped Availability of block devices.
[[0;32m  OK  [0m] Stopped D-Bus System Message Bus.
[[0;32m  OK  [0m] Stopped vboxadd-service.service.
[[0;32m  OK  [0m] Stopped FUSE filesystem for LXC.
[[0;32m  OK  [0m] Stopped Session 7 of user vagrant.
[[0;32m  OK  [0m] Stopped Session 5 of user vagrant.
         Stopping vboxadd.service...
[[0;32m  OK  [0m] Removed slice User Slice of vagrant.
[[0;32m  OK  [0m] Removed slice system-getty.slice.
[[0;32m  OK  [0m] Removed slice system-serial\x2dgetty.slice.
         Stopping containerd container runtime...
[[0;32m  OK  [0m] Stopped containerd container runtime.
[[0;32m  OK  [0m] Stopped LXD - container startup/shutdown.
[[0;32m  OK  [0m] Stopped LSB: automatic crash report generation.
[[0;32m  OK  [0m] Stopped LSB: Record successful boot for GRUB.
[[0;32m  OK  [0m] Unmounted /vagrant_data.
[[0;32m  OK  [0m] Stopped vboxadd.service.
[[0;32m  OK  [0m] Unmounted /run/user/1000.
[[0;32m  OK  [0m] Stopped Session c1 of user jenkins.
[[0;32m  OK  [0m] Removed slice User Slice of jenkins.
         Stopping Permit User Sessions...
         Stopping Login Service...
[[0;32m  OK  [0m] Stopped Permit User Sessions.
[[0;32m  OK  [0m] Stopped Login Service.
[[0;32m  OK  [0m] Stopped target User and Group Name Lookups.
[[0;32m  OK  [0m] Stopped LSB: Start Jenkins at boot time.
[[0;32m  OK  [0m] Stopped target Basic System.
[[0;32m  OK  [0m] Stopped target Slices.
[[0;32m  OK  [0m] Removed slice User and Session Slice.
[[0;32m  OK  [0m] Stopped target Paths.
[[0;32m  OK  [0m] Stopped ACPI Events Check.
[[0;32m  OK  [0m] Stopped target Sockets.
[[0;32m  OK  [0m] Closed Socket activation for snappy daemon.
[[0;32m  OK  [0m] Closed Docker Socket for the API.
[[0;32m  OK  [0m] Closed LXD - unix socket.
[[0;32m  OK  [0m] Closed Open-iSCSI iscsid Socket.
[[0;32m  OK  [0m] Closed D-Bus System Message Bus Socket.
[[0;32m  OK  [0m] Closed Syslog Socket.
[[0;32m  OK  [0m] Closed UUID daemon activation socket.
[[0;32m  OK  [0m] Closed ACPID Listen Socket.
[[0;32m  OK  [0m] Stopped target System Initialization.
         Stopping Update UTMP about System Boot/Shutdown...
[[0;32m  OK  [0m] Stopped target Local Encrypted Volumes.
[[0;32m  OK  [0m] Stopped Forward Password Requests to Wall Directory Watch.
[[0;32m  OK  [0m] Stopped Dispatch Password Requests to Console Directory Watch.
         Stopping Load/Save Random Seed...
[[0;32m  OK  [0m] Stopped target Remote File Systems.
[[0;32m  OK  [0m] Stopped target Remote File Systems (Pre).
[[0;32m  OK  [0m] Stopped target Network is Online.
[[0;32m  OK  [0m] Stopped target Network.
         Stopping Network Name Resolution...
[[0;32m  OK  [0m] Stopped Initial cloud-init job (metadata service crawler).
[[0;32m  OK  [0m] Stopped Wait for Network to be Configured.
[[0;32m  OK  [0m] Stopped Network Name Resolution.
[[0;32m  OK  [0m] Stopped Load/Save Random Seed.
         Stopping Network Service...
[[0;32m  OK  [0m] Stopped Update UTMP about System Boot/Shutdown.
[[0;32m  OK  [0m] Stopped Create Volatile Files and Directories.
[[0;32m  OK  [0m] Stopped target Local File Systems.
         Unmounting /run/user/111...
[[0;32m  OK  [0m] Stopped Network Service.
[[0;32m  OK  [0m] Stopped Apply Kernel Variables.
[[0;32m  OK  [0m] Stopped Load Kernel Modules.
[[0;32m  OK  [0m] Stopped target Network (Pre).
[[0;32m  OK  [0m] Stopped Initial cloud-init job (pre-networking).
[[0;32m  OK  [0m] Unmounted /run/user/111.
[[0;32m  OK  [0m] Reached target Unmount All Filesystems.
[[0;32m  OK  [0m] Stopped target Swap.
[[0;32m  OK  [0m] Stopped target Local File Systems (Pre).
         Stopping Monitoring of LVM2 mirrors…ng dmeventd or progress polling...
[[0;32m  OK  [0m] Stopped Create Static Device Nodes in /dev.
[[0;32m  OK  [0m] Stopped Remount Root and Kernel File Systems.
[[0;32m  OK  [0m] Reached target Shutdown.
[[0;32m  OK  [0m] Reached target Final Step.
         Starting Power-Off...
[ 4467.845271] reboot: Power down
